C:\DEV\MANDELBROT_WF JULY 17 2014\HELLOWORLDLIB\DEBUG\HELLOWORLDLIB.PCH
C:\DEV\MANDELBROT_WF JULY 17 2014\HELLOWORLDLIB\DEBUG\STDAFX.OBJ
C:\DEV\MANDELBROT_WF JULY 17 2014\HELLOWORLDLIB\DEBUG\VC110.PDB
C:\DEV\MANDELBROT_WF JULY 17 2014\HELLOWORLDLIB\DEBUG\DLLMAIN.OBJ
C:\DEV\MANDELBROT_WF JULY 17 2014\HELLOWORLDLIB\DEBUG\HELLOWORLDLIB.OBJ
C:\dev\Mandelbrot_WF July 17 2014\Debug\HelloWorldLib.lib
C:\dev\Mandelbrot_WF July 17 2014\Debug\HelloWorldLib.exp
C:\DEV\MANDELBROT_WF JULY 17 2014\DEBUG\HELLOWORLDLIB.ILK
C:\DEV\MANDELBROT_WF JULY 17 2014\DEBUG\HELLOWORLDLIB.DLL
C:\DEV\MANDELBROT_WF JULY 17 2014\DEBUG\HELLOWORLDLIB.PDB
C:\dev\Mandelbrot_WF July 17 2014\HelloWorldLib\Debug\dllmain.obj
C:\dev\Mandelbrot_WF July 17 2014\HelloWorldLib\Debug\HelloWorldLib.obj
C:\dev\Mandelbrot_WF July 17 2014\HelloWorldLib\Debug\stdafx.obj
C:\dev\Mandelbrot_WF July 17 2014\HelloWorldLib\Debug\cl.command.1.tlog
C:\dev\Mandelbrot_WF July 17 2014\HelloWorldLib\Debug\CL.read.1.tlog
C:\dev\Mandelbrot_WF July 17 2014\HelloWorldLib\Debug\CL.read.3.tlog
C:\dev\Mandelbrot_WF July 17 2014\HelloWorldLib\Debug\CL.read.5.tlog
C:\dev\Mandelbrot_WF July 17 2014\HelloWorldLib\Debug\CL.write.1.tlog
C:\dev\Mandelbrot_WF July 17 2014\HelloWorldLib\Debug\CL.write.3.tlog
C:\dev\Mandelbrot_WF July 17 2014\HelloWorldLib\Debug\CL.write.5.tlog
C:\dev\Mandelbrot_WF July 17 2014\HelloWorldLib\Debug\HelloWorldLib.write.1.tlog
C:\dev\Mandelbrot_WF July 17 2014\HelloWorldLib\Debug\link-cvtres.read.1.tlog
C:\dev\Mandelbrot_WF July 17 2014\HelloWorldLib\Debug\link-cvtres.write.1.tlog
C:\dev\Mandelbrot_WF July 17 2014\HelloWorldLib\Debug\link-rc.read.1.tlog
C:\dev\Mandelbrot_WF July 17 2014\HelloWorldLib\Debug\link-rc.write.1.tlog
C:\dev\Mandelbrot_WF July 17 2014\HelloWorldLib\Debug\link.command.1.tlog
C:\dev\Mandelbrot_WF July 17 2014\HelloWorldLib\Debug\link.read.1.tlog
C:\dev\Mandelbrot_WF July 17 2014\HelloWorldLib\Debug\link.write.1.tlog
C:\dev\Mandelbrot_WF July 17 2014\HelloWorldLib\Debug\HelloWorldLib.pch
C:\dev\Mandelbrot_WF July 17 2014\HelloWorldLib\Debug\vc110.idb
C:\dev\Mandelbrot_WF July 17 2014\HelloWorldLib\Debug\vc110.pdb
C:\dev\Mandelbrot_WF July 17 2014\Debug\HelloWorldLib.pdb
C:\dev\Mandelbrot_WF July 17 2014\Debug\HelloWorldLib.dll
C:\dev\Mandelbrot_WF July 17 2014\Debug\HelloWorldLib.ilk
